[2019-06-01 21:07:44.546] [main] [info] update#setState idle
[2019-06-01 21:07:44.890] [main] [info] [storage] migrating global storage from localStorage into SQLite
[2019-06-01 21:07:44.890] [main] [info] [storage] migrated global storage
[2019-06-01 21:08:14.548] [main] [info] update#setState checking for updates
[2019-06-01 21:08:14.582] [main] [info] update#setState available for download
[2019-06-01 23:06:54.927] [main] [error] Error: ENOENT: no such file or directory, open '/home/roope/Documents/fullstack-open-2019/osa2/kurssitiedot/~/Documents/fullstack-open-2019/osa2/kurssitiedot/storage.json'
    at Object.fs.openSync (original-fs.js:577:3)
    at Object.t.writeFileAndFlushSync (/usr/share/code/resources/app/out/vs/code/electron-main/main.js:146:821)
    at d.saveSync (/usr/share/code/resources/app/out/vs/code/electron-main/main.js:297:416)
    at d.setItem (/usr/share/code/resources/app/out/vs/code/electron-main/main.js:297:211)
    at e.setItem (/usr/share/code/resources/app/out/vs/code/electron-main/main.js:297:756)
    at showOpenDialog.then.e (/usr/share/code/resources/app/out/vs/code/electron-main/main.js:460:218)
[2019-06-01 23:06:54.929] [main] [error] Error: ENOENT: no such file or directory, open '/home/roope/Documents/fullstack-open-2019/osa2/kurssitiedot/~/Documents/fullstack-open-2019/osa2/kurssitiedot/storage.json'
    at Object.fs.openSync (original-fs.js:577:3)
    at Object.t.writeFileAndFlushSync (/usr/share/code/resources/app/out/vs/code/electron-main/main.js:146:821)
    at d.saveSync (/usr/share/code/resources/app/out/vs/code/electron-main/main.js:297:416)
    at d.setItem (/usr/share/code/resources/app/out/vs/code/electron-main/main.js:297:211)
    at e.setItem (/usr/share/code/resources/app/out/vs/code/electron-main/main.js:297:756)
    at e.saveRecentlyOpened (/usr/share/code/resources/app/out/vs/code/electron-main/main.js:380:162)
    at e.addRecentlyOpened (/usr/share/code/resources/app/out/vs/code/electron-main/main.js:378:81)
    at e.open (/usr/share/code/resources/app/out/vs/code/electron-main/main.js:440:116)
    at getFileOrFolderUris.then.t (/usr/share/code/resources/app/out/vs/code/electron-main/main.js:459:193)
[2019-06-01 23:06:55.160] [main] [error] Error: ENOENT: no such file or directory, open '/home/roope/Documents/fullstack-open-2019/osa2/kurssitiedot/~/Documents/fullstack-open-2019/osa2/kurssitiedot/storage.json'
    at Object.fs.openSync (original-fs.js:577:3)
    at Object.t.writeFileAndFlushSync (/usr/share/code/resources/app/out/vs/code/electron-main/main.js:146:821)
    at d.saveSync (/usr/share/code/resources/app/out/vs/code/electron-main/main.js:297:416)
    at d.setItem (/usr/share/code/resources/app/out/vs/code/electron-main/main.js:297:211)
    at e.setItem (/usr/share/code/resources/app/out/vs/code/electron-main/main.js:297:756)
    at e.updateMenu (/usr/share/code/resources/app/out/vs/code/electron-main/main.js:339:357)
    at a.updateMenubar (/usr/share/code/resources/app/out/vs/code/electron-main/main.js:350:923)
    at i.call (/usr/share/code/resources/app/out/vs/code/electron-main/main.js:237:630)
    at b.onPromise (/usr/share/code/resources/app/out/vs/code/electron-main/main.js:165:5)
    at b.onRawMessage (/usr/share/code/resources/app/out/vs/code/electron-main/main.js:164:640)
    at protocolListener.protocol.onMessage.e (/usr/share/code/resources/app/out/vs/code/electron-main/main.js:164:206)
    at u.fire (/usr/share/code/resources/app/out/vs/code/electron-main/main.js:50:806)
    at e (/usr/share/code/resources/app/out/vs/code/electron-main/main.js:46:407)
    at u.fire (/usr/share/code/resources/app/out/vs/code/electron-main/main.js:50:806)
    at e (/usr/share/code/resources/app/out/vs/code/electron-main/main.js:46:553)
    at u.fire (/usr/share/code/resources/app/out/vs/code/electron-main/main.js:50:806)
    at EventEmitter.n (/usr/share/code/resources/app/out/vs/code/electron-main/main.js:48:404)
    at EventEmitter.emit (events.js:182:13)
    at WebContents.<anonymous> (/usr/share/code/resources/electron.asar/browser/api/web-contents.js:285:13)
    at WebContents.emit (events.js:182:13)
[2019-06-01 23:07:13.697] [main] [error] [storage state.vscdb] prepare(): Error: SQLITE_READONLY_DBMOVED: attempt to write a readonly database (INSERT INTO ItemTable VALUES (?,?)). Details: Keys: workbench.activity.pinnedViewlets Length: 1474
[2019-06-01 23:08:53.400] [main] [error] Error: ENOENT: no such file or directory, open '/home/roope/Documents/fullstack-open-2019/osa2/kurssitiedot/~/Documents/fullstack-open-2019/osa2/kurssitiedot/storage.json'
    at Object.fs.openSync (original-fs.js:577:3)
    at Object.t.writeFileAndFlushSync (/usr/share/code/resources/app/out/vs/code/electron-main/main.js:146:821)
    at d.saveSync (/usr/share/code/resources/app/out/vs/code/electron-main/main.js:297:416)
    at d.setItem (/usr/share/code/resources/app/out/vs/code/electron-main/main.js:297:211)
    at e.setItem (/usr/share/code/resources/app/out/vs/code/electron-main/main.js:297:756)
    at e.onBeforeShutdown (/usr/share/code/resources/app/out/vs/code/electron-main/main.js:437:205)
    at lifecycleService.onBeforeShutdown (/usr/share/code/resources/app/out/vs/code/electron-main/main.js:436:457)
    at u.fire (/usr/share/code/resources/app/out/vs/code/electron-main/main.js:50:806)
    at App.e (/usr/share/code/resources/app/out/vs/code/electron-main/main.js:289:912)
    at App.emit (events.js:182:13)
    at App.t (/usr/share/code/resources/app/out/vs/code/electron-main/main.js:290:119)
    at App.emit (events.js:182:13)
    at Timeout.setTimeout [as _onTimeout] (/usr/share/code/resources/app/out/vs/code/electron-main/main.js:295:254)
    at ontimeout (timers.js:427:11)
    at tryOnTimeout (timers.js:289:5)
    at listOnTimeout (timers.js:252:5)
    at Timer.processTimers (timers.js:212:10)
[2019-06-01 23:08:53.402] [main] [error] [storage state.vscdb] prepare(): Error: SQLITE_READONLY_DBMOVED: attempt to write a readonly database (INSERT INTO ItemTable VALUES (?,?)). Details: Keys: editorFontInfo Length: 780
[2019-06-01 23:08:53.403] [main] [error] Error: ENOENT: no such file or directory, unlink '/home/roope/Documents/fullstack-open-2019/osa2/kurssitiedot/~/Documents/fullstack-open-2019/osa2/kurssitiedot/User/globalStorage/state.vscdb'
