[2019-06-01 21:30:13.557] [renderer1] [error] TypeScript Server Error (3.4.3)
Debug Failure.
Error: Debug Failure.
    at Object.assertDefined (tsserver.js:1581:24)
    at containsPrecedingToken (tsserver.js:106366:43)
    at isSyntacticOwner (tsserver.js:106343:28)
    at getCandidateOrTypeInfo (tsserver.js:106307:52)
    at Object.getSignatureHelpItems (tsserver.js:106284:33)
    at Object.getSignatureHelpItems (tsserver.js:121081:37)
    at IOSession.Session.getSignatureHelpItems (tsserver.js:130027:62)
    at Session.handlers.ts.createMapFromTemplate._a.(anonymous function) (tsserver.js:128933:61)
    at tsserver.js:130454:88
    at IOSession.Session.executeWithRequestId (tsserver.js:130445:28)
    at IOSession.Session.executeCommand (tsserver.js:130454:33)
    at IOSession.Session.onMessage (tsserver.js:130476:35)
    at Interface.<anonymous> (tsserver.js:131773:27)
    at Interface.emit (events.js:182:13)
    at Interface._onLine (readline.js:290:10)
    at Interface._normalWrite (readline.js:433:12)
    at Socket.ondata (readline.js:149:10)
    at Socket.emit (events.js:182:13)
    at addChunk (_stream_readable.js:279:12)
    at readableAddChunk (_stream_readable.js:264:11)
    at Socket.Readable.push (_stream_readable.js:219:10)
    at Pipe.onread (net.js:636:20): Error: TypeScript Server Error (3.4.3)
Debug Failure.
Error: Debug Failure.
    at Object.assertDefined (tsserver.js:1581:24)
    at containsPrecedingToken (tsserver.js:106366:43)
    at isSyntacticOwner (tsserver.js:106343:28)
    at getCandidateOrTypeInfo (tsserver.js:106307:52)
    at Object.getSignatureHelpItems (tsserver.js:106284:33)
    at Object.getSignatureHelpItems (tsserver.js:121081:37)
    at IOSession.Session.getSignatureHelpItems (tsserver.js:130027:62)
    at Session.handlers.ts.createMapFromTemplate._a.(anonymous function) (tsserver.js:128933:61)
    at tsserver.js:130454:88
    at IOSession.Session.executeWithRequestId (tsserver.js:130445:28)
    at IOSession.Session.executeCommand (tsserver.js:130454:33)
    at IOSession.Session.onMessage (tsserver.js:130476:35)
    at Interface.<anonymous> (tsserver.js:131773:27)
    at Interface.emit (events.js:182:13)
    at Interface._onLine (readline.js:290:10)
    at Interface._normalWrite (readline.js:433:12)
    at Socket.ondata (readline.js:149:10)
    at Socket.emit (events.js:182:13)
    at addChunk (_stream_readable.js:279:12)
    at readableAddChunk (_stream_readable.js:264:11)
    at Socket.Readable.push (_stream_readable.js:219:10)
    at Pipe.onread (net.js:636:20)
	at Function.create (/usr/share/code/resources/app/extensions/typescript-language-features/dist/extension.js:1:174464)
	at v.dispatchResponse (/usr/share/code/resources/app/extensions/typescript-language-features/dist/extension.js:1:179770)
	at v.dispatchMessage (/usr/share/code/resources/app/extensions/typescript-language-features/dist/extension.js:1:178522)
	at constructor._reader.onData.e (/usr/share/code/resources/app/extensions/typescript-language-features/dist/extension.js:1:177878)
	at u.fire (/usr/share/code/resources/app/out/vs/workbench/services/extensions/node/extensionHostProcess.js:44:708)
	at t.Reader.onLengthData (/usr/share/code/resources/app/extensions/typescript-language-features/dist/extension.js:1:183738)
	at Socket.t.Reader.constructor.e.on.e (/usr/share/code/resources/app/extensions/typescript-language-features/dist/extension.js:1:183386)
	at Socket.emit (events.js:182:13)
	at addChunk (_stream_readable.js:279:12)
	at readableAddChunk (_stream_readable.js:264:11)
	at Socket.Readable.push (_stream_readable.js:219:10)
	at Pipe.onread (net.js:636:20)
[2019-06-01 22:25:25.188] [renderer1] [error] TypeScript Server Error (3.4.3)
Debug Failure. Did not expect JsxExpression to have an Identifier in its trivia
Error: Debug Failure. Did not expect JsxExpression to have an Identifier in its trivia
    at addSyntheticNodes (tsserver.js:119944:30)
    at createChildren (tsserver.js:119933:9)
    at NodeObject.getChildren (tsserver.js:119877:56)
    at getTokenAtPositionWorker (tsserver.js:95739:43)
    at Object.getTokenAtPosition (tsserver.js:95731:16)
    at getInfo (tsserver.js:116579:28)
    at Object.getAvailableActions (tsserver.js:116563:28)
    at tsserver.js:111638:128
    at getIterator (tsserver.js:625:23)
    at Object.flatMapIterator (tsserver.js:608:27)
    at Object.getApplicableRefactors (tsserver.js:111637:36)
    at Object.getApplicableRefactors (tsserver.js:121486:32)
    at IOSession.Session.getApplicableRefactors (tsserver.js:130230:53)
    at Session.handlers.ts.createMapFromTemplate._a.(anonymous function) (tsserver.js:129054:61)
    at tsserver.js:130454:88
    at IOSession.Session.executeWithRequestId (tsserver.js:130445:28)
    at IOSession.Session.executeCommand (tsserver.js:130454:33)
    at IOSession.Session.onMessage (tsserver.js:130476:35)
    at Interface.<anonymous> (tsserver.js:131773:27)
    at Interface.emit (events.js:182:13)
    at Interface._onLine (readline.js:290:10)
    at Interface._normalWrite (readline.js:433:12)
    at Socket.ondata (readline.js:149:10)
    at Socket.emit (events.js:182:13)
    at addChunk (_stream_readable.js:279:12)
    at readableAddChunk (_stream_readable.js:264:11)
    at Socket.Readable.push (_stream_readable.js:219:10)
    at Pipe.onread (net.js:636:20): Error: TypeScript Server Error (3.4.3)
Debug Failure. Did not expect JsxExpression to have an Identifier in its trivia
Error: Debug Failure. Did not expect JsxExpression to have an Identifier in its trivia
    at addSyntheticNodes (tsserver.js:119944:30)
    at createChildren (tsserver.js:119933:9)
    at NodeObject.getChildren (tsserver.js:119877:56)
    at getTokenAtPositionWorker (tsserver.js:95739:43)
    at Object.getTokenAtPosition (tsserver.js:95731:16)
    at getInfo (tsserver.js:116579:28)
    at Object.getAvailableActions (tsserver.js:116563:28)
    at tsserver.js:111638:128
    at getIterator (tsserver.js:625:23)
    at Object.flatMapIterator (tsserver.js:608:27)
    at Object.getApplicableRefactors (tsserver.js:111637:36)
    at Object.getApplicableRefactors (tsserver.js:121486:32)
    at IOSession.Session.getApplicableRefactors (tsserver.js:130230:53)
    at Session.handlers.ts.createMapFromTemplate._a.(anonymous function) (tsserver.js:129054:61)
    at tsserver.js:130454:88
    at IOSession.Session.executeWithRequestId (tsserver.js:130445:28)
    at IOSession.Session.executeCommand (tsserver.js:130454:33)
    at IOSession.Session.onMessage (tsserver.js:130476:35)
    at Interface.<anonymous> (tsserver.js:131773:27)
    at Interface.emit (events.js:182:13)
    at Interface._onLine (readline.js:290:10)
    at Interface._normalWrite (readline.js:433:12)
    at Socket.ondata (readline.js:149:10)
    at Socket.emit (events.js:182:13)
    at addChunk (_stream_readable.js:279:12)
    at readableAddChunk (_stream_readable.js:264:11)
    at Socket.Readable.push (_stream_readable.js:219:10)
    at Pipe.onread (net.js:636:20)
	at Function.create (/usr/share/code/resources/app/extensions/typescript-language-features/dist/extension.js:1:174464)
	at v.dispatchResponse (/usr/share/code/resources/app/extensions/typescript-language-features/dist/extension.js:1:179770)
	at v.dispatchMessage (/usr/share/code/resources/app/extensions/typescript-language-features/dist/extension.js:1:178522)
	at constructor._reader.onData.e (/usr/share/code/resources/app/extensions/typescript-language-features/dist/extension.js:1:177878)
	at u.fire (/usr/share/code/resources/app/out/vs/workbench/services/extensions/node/extensionHostProcess.js:44:708)
	at t.Reader.onLengthData (/usr/share/code/resources/app/extensions/typescript-language-features/dist/extension.js:1:183738)
	at Socket.t.Reader.constructor.e.on.e (/usr/share/code/resources/app/extensions/typescript-language-features/dist/extension.js:1:183386)
	at Socket.emit (events.js:182:13)
	at addChunk (_stream_readable.js:279:12)
	at readableAddChunk (_stream_readable.js:264:11)
	at Socket.Readable.push (_stream_readable.js:219:10)
	at Pipe.onread (net.js:636:20)
[2019-06-01 22:37:54.935] [renderer1] [error] TypeScript Server Error (3.4.3)
Debug Failure. Did not expect JsxExpression to have an Identifier in its trivia
Error: Debug Failure. Did not expect JsxExpression to have an Identifier in its trivia
    at addSyntheticNodes (tsserver.js:119944:30)
    at createChildren (tsserver.js:119933:9)
    at NodeObject.getChildren (tsserver.js:119877:56)
    at getTokenAtPositionWorker (tsserver.js:95739:43)
    at Object.getTokenAtPosition (tsserver.js:95731:16)
    at getInfo (tsserver.js:116579:28)
    at Object.getAvailableActions (tsserver.js:116563:28)
    at tsserver.js:111638:128
    at getIterator (tsserver.js:625:23)
    at Object.flatMapIterator (tsserver.js:608:27)
    at Object.getApplicableRefactors (tsserver.js:111637:36)
    at Object.getApplicableRefactors (tsserver.js:121486:32)
    at IOSession.Session.getApplicableRefactors (tsserver.js:130230:53)
    at Session.handlers.ts.createMapFromTemplate._a.(anonymous function) (tsserver.js:129054:61)
    at tsserver.js:130454:88
    at IOSession.Session.executeWithRequestId (tsserver.js:130445:28)
    at IOSession.Session.executeCommand (tsserver.js:130454:33)
    at IOSession.Session.onMessage (tsserver.js:130476:35)
    at Interface.<anonymous> (tsserver.js:131773:27)
    at Interface.emit (events.js:182:13)
    at Interface._onLine (readline.js:290:10)
    at Interface._normalWrite (readline.js:433:12)
    at Socket.ondata (readline.js:149:10)
    at Socket.emit (events.js:182:13)
    at addChunk (_stream_readable.js:279:12)
    at readableAddChunk (_stream_readable.js:264:11)
    at Socket.Readable.push (_stream_readable.js:219:10)
    at Pipe.onread (net.js:636:20): Error: TypeScript Server Error (3.4.3)
Debug Failure. Did not expect JsxExpression to have an Identifier in its trivia
Error: Debug Failure. Did not expect JsxExpression to have an Identifier in its trivia
    at addSyntheticNodes (tsserver.js:119944:30)
    at createChildren (tsserver.js:119933:9)
    at NodeObject.getChildren (tsserver.js:119877:56)
    at getTokenAtPositionWorker (tsserver.js:95739:43)
    at Object.getTokenAtPosition (tsserver.js:95731:16)
    at getInfo (tsserver.js:116579:28)
    at Object.getAvailableActions (tsserver.js:116563:28)
    at tsserver.js:111638:128
    at getIterator (tsserver.js:625:23)
    at Object.flatMapIterator (tsserver.js:608:27)
    at Object.getApplicableRefactors (tsserver.js:111637:36)
    at Object.getApplicableRefactors (tsserver.js:121486:32)
    at IOSession.Session.getApplicableRefactors (tsserver.js:130230:53)
    at Session.handlers.ts.createMapFromTemplate._a.(anonymous function) (tsserver.js:129054:61)
    at tsserver.js:130454:88
    at IOSession.Session.executeWithRequestId (tsserver.js:130445:28)
    at IOSession.Session.executeCommand (tsserver.js:130454:33)
    at IOSession.Session.onMessage (tsserver.js:130476:35)
    at Interface.<anonymous> (tsserver.js:131773:27)
    at Interface.emit (events.js:182:13)
    at Interface._onLine (readline.js:290:10)
    at Interface._normalWrite (readline.js:433:12)
    at Socket.ondata (readline.js:149:10)
    at Socket.emit (events.js:182:13)
    at addChunk (_stream_readable.js:279:12)
    at readableAddChunk (_stream_readable.js:264:11)
    at Socket.Readable.push (_stream_readable.js:219:10)
    at Pipe.onread (net.js:636:20)
	at Function.create (/usr/share/code/resources/app/extensions/typescript-language-features/dist/extension.js:1:174464)
	at v.dispatchResponse (/usr/share/code/resources/app/extensions/typescript-language-features/dist/extension.js:1:179770)
	at v.dispatchMessage (/usr/share/code/resources/app/extensions/typescript-language-features/dist/extension.js:1:178522)
	at constructor._reader.onData.e (/usr/share/code/resources/app/extensions/typescript-language-features/dist/extension.js:1:177878)
	at u.fire (/usr/share/code/resources/app/out/vs/workbench/services/extensions/node/extensionHostProcess.js:44:708)
	at t.Reader.onLengthData (/usr/share/code/resources/app/extensions/typescript-language-features/dist/extension.js:1:183738)
	at Socket.t.Reader.constructor.e.on.e (/usr/share/code/resources/app/extensions/typescript-language-features/dist/extension.js:1:183386)
	at Socket.emit (events.js:182:13)
	at addChunk (_stream_readable.js:279:12)
	at readableAddChunk (_stream_readable.js:264:11)
	at Socket.Readable.push (_stream_readable.js:219:10)
	at Pipe.onread (net.js:636:20)
