[2019-06-06 19:13:40.158] [sharedprocess] [info] main {"machineId":"26e7904650081980639fe5b87392a4c88799e486fcd37d4d8e00cd4c0570a0b8"}
[2019-06-06 19:13:40.248] [sharedprocess] [info] Scanned user extensions: 1
[2019-06-06 19:13:40.267] [sharedprocess] [info] Scanned user extensions: 1
[2019-06-06 19:13:40.270] [sharedprocess] [info] Scanned user extensions: 1
[2019-06-06 19:13:40.293] [sharedprocess] [info] Scanned system extensions: 72
[2019-06-06 19:13:40.297] [sharedprocess] [info] Scanned system extensions: 72
[2019-06-06 19:13:40.300] [sharedprocess] [info] Scanned system extensions: 72
[2019-06-06 19:13:40.437] [sharedprocess] [info] Scanned user extensions: 1
[2019-06-06 19:13:42.226] [sharedprocess] [info] Installing extension: ms-python.python
[2019-06-06 19:13:42.234] [sharedprocess] [info] Scanned user extensions: 1
[2019-06-06 19:13:53.273] [sharedprocess] [info] Downloaded extension: ms-python.python /tmp/b26db59d-e388-46e3-aadc-b1b0d3504bbe
[2019-06-06 19:13:54.292] [sharedprocess] [info] Extracted extension to /home/roope/.vscode/extensions/.ms-python.python-2019.5.18678: ms-python.python
[2019-06-06 19:13:54.292] [sharedprocess] [info] Renamed to /home/roope/.vscode/extensions/ms-python.python-2019.5.18678
[2019-06-06 19:13:54.295] [sharedprocess] [info] Installation completed. ms-python.python
[2019-06-06 19:13:54.304] [sharedprocess] [info] Extensions installed successfully: ms-python.python
[2019-06-06 19:14:20.169] [sharedprocess] [info] Starting to clean up unused language packs.
[2019-06-06 19:18:40.552] [sharedprocess] [info] Scanned user extensions: 1
[2019-06-06 19:23:40.566] [sharedprocess] [info] Scanned user extensions: 1
[2019-06-06 19:28:40.581] [sharedprocess] [info] Scanned user extensions: 1
[2019-06-06 19:33:40.595] [sharedprocess] [info] Scanned user extensions: 1
[2019-06-06 19:38:40.608] [sharedprocess] [info] Scanned user extensions: 1
[2019-06-06 19:43:40.622] [sharedprocess] [info] Scanned user extensions: 1
[2019-06-06 19:48:40.638] [sharedprocess] [info] Scanned user extensions: 1
[2019-06-06 19:53:40.651] [sharedprocess] [info] Scanned user extensions: 1
[2019-06-06 19:58:40.665] [sharedprocess] [info] Scanned user extensions: 1
[2019-06-06 20:03:40.678] [sharedprocess] [info] Scanned user extensions: 1
[2019-06-06 20:08:40.694] [sharedprocess] [info] Scanned user extensions: 1
[2019-06-06 20:13:40.708] [sharedprocess] [info] Scanned user extensions: 1
[2019-06-06 20:18:40.788] [sharedprocess] [info] Scanned user extensions: 1
[2019-06-06 20:23:40.802] [sharedprocess] [info] Scanned user extensions: 1
[2019-06-06 20:28:40.817] [sharedprocess] [info] Scanned user extensions: 1
[2019-06-06 20:33:40.831] [sharedprocess] [info] Scanned user extensions: 1
[2019-06-06 20:38:40.844] [sharedprocess] [info] Scanned user extensions: 1
[2019-06-06 20:43:40.863] [sharedprocess] [info] Scanned user extensions: 1
[2019-06-06 20:48:40.877] [sharedprocess] [info] Scanned user extensions: 1
[2019-06-06 20:53:40.891] [sharedprocess] [info] Scanned user extensions: 1
[2019-06-06 20:58:40.904] [sharedprocess] [info] Scanned user extensions: 1
[2019-06-06 21:03:40.917] [sharedprocess] [info] Scanned user extensions: 1
[2019-06-06 21:08:40.930] [sharedprocess] [info] Scanned user extensions: 1
[2019-06-06 21:13:40.944] [sharedprocess] [info] Scanned user extensions: 1
[2019-06-06 21:18:41.019] [sharedprocess] [info] Scanned user extensions: 1
[2019-06-06 21:23:41.031] [sharedprocess] [info] Scanned user extensions: 1
[2019-06-06 21:28:41.056] [sharedprocess] [info] Scanned user extensions: 1
[2019-06-06 21:33:41.069] [sharedprocess] [info] Scanned user extensions: 1
[2019-06-06 21:38:41.084] [sharedprocess] [info] Scanned user extensions: 1
[2019-06-06 21:43:41.098] [sharedprocess] [info] Scanned user extensions: 1
[2019-06-06 21:48:41.113] [sharedprocess] [info] Scanned user extensions: 1
[2019-06-06 21:53:41.127] [sharedprocess] [info] Scanned user extensions: 1
[2019-06-06 21:58:41.141] [sharedprocess] [info] Scanned user extensions: 1
[2019-06-06 22:03:41.155] [sharedprocess] [info] Scanned user extensions: 1
[2019-06-06 22:08:41.168] [sharedprocess] [info] Scanned user extensions: 1
[2019-06-06 22:13:41.182] [sharedprocess] [info] Scanned user extensions: 1
[2019-06-06 22:18:41.263] [sharedprocess] [info] Scanned user extensions: 1
[2019-06-06 22:23:41.277] [sharedprocess] [info] Scanned user extensions: 1
[2019-06-06 22:28:41.290] [sharedprocess] [info] Scanned user extensions: 1
[2019-06-06 22:33:41.304] [sharedprocess] [info] Scanned user extensions: 1
[2019-06-06 22:38:41.319] [sharedprocess] [info] Scanned user extensions: 1
[2019-06-06 22:43:41.333] [sharedprocess] [info] Scanned user extensions: 1
[2019-06-06 22:48:41.347] [sharedprocess] [info] Scanned user extensions: 1
[2019-06-06 22:53:41.363] [sharedprocess] [info] Scanned user extensions: 1
[2019-06-06 22:58:41.377] [sharedprocess] [info] Scanned user extensions: 1
[2019-06-06 23:03:41.390] [sharedprocess] [info] Scanned user extensions: 1
[2019-06-06 23:08:41.405] [sharedprocess] [info] Scanned user extensions: 1
[2019-06-06 23:13:41.419] [sharedprocess] [info] Scanned user extensions: 1
[2019-06-06 23:18:41.508] [sharedprocess] [info] Scanned user extensions: 1
[2019-06-06 23:23:41.522] [sharedprocess] [info] Scanned user extensions: 1
[2019-06-06 23:28:41.536] [sharedprocess] [info] Scanned user extensions: 1
[2019-06-06 23:33:41.551] [sharedprocess] [info] Scanned user extensions: 1
[2019-06-06 23:38:41.564] [sharedprocess] [info] Scanned user extensions: 1
[2019-06-06 23:43:41.578] [sharedprocess] [info] Scanned user extensions: 1
[2019-06-06 23:48:41.591] [sharedprocess] [info] Scanned user extensions: 1
[2019-06-06 23:53:41.605] [sharedprocess] [info] Scanned user extensions: 1
[2019-06-06 23:58:41.619] [sharedprocess] [info] Scanned user extensions: 1
[2019-06-07 00:03:41.635] [sharedprocess] [info] Scanned user extensions: 1
[2019-06-07 00:08:41.648] [sharedprocess] [info] Scanned user extensions: 1
[2019-06-07 00:13:41.663] [sharedprocess] [info] Scanned user extensions: 1
[2019-06-07 00:18:41.755] [sharedprocess] [info] Scanned user extensions: 1
[2019-06-07 00:23:41.769] [sharedprocess] [info] Scanned user extensions: 1
[2019-06-07 00:28:41.782] [sharedprocess] [info] Scanned user extensions: 1
[2019-06-07 00:33:41.797] [sharedprocess] [info] Scanned user extensions: 1
[2019-06-07 00:38:41.811] [sharedprocess] [info] Scanned user extensions: 1
[2019-06-07 00:43:41.823] [sharedprocess] [info] Scanned user extensions: 1
[2019-06-07 00:48:41.835] [sharedprocess] [info] Scanned user extensions: 1
[2019-06-07 00:53:41.847] [sharedprocess] [info] Scanned user extensions: 1
[2019-06-07 00:58:41.861] [sharedprocess] [info] Scanned user extensions: 1
[2019-06-07 01:03:41.874] [sharedprocess] [info] Scanned user extensions: 1
[2019-06-07 01:08:41.889] [sharedprocess] [info] Scanned user extensions: 1
[2019-06-07 01:13:41.902] [sharedprocess] [info] Scanned user extensions: 1
[2019-06-07 01:18:41.990] [sharedprocess] [info] Scanned user extensions: 1
[2019-06-07 01:23:42.004] [sharedprocess] [info] Scanned user extensions: 1
[2019-06-07 01:28:42.017] [sharedprocess] [info] Scanned user extensions: 1
[2019-06-07 01:33:42.031] [sharedprocess] [info] Scanned user extensions: 1
[2019-06-07 01:38:42.043] [sharedprocess] [info] Scanned user extensions: 1
[2019-06-07 01:43:42.058] [sharedprocess] [info] Scanned user extensions: 1
[2019-06-07 01:48:42.072] [sharedprocess] [info] Scanned user extensions: 1
[2019-06-07 01:53:42.087] [sharedprocess] [info] Scanned user extensions: 1
[2019-06-07 01:58:42.100] [sharedprocess] [info] Scanned user extensions: 1
[2019-06-07 02:03:42.113] [sharedprocess] [info] Scanned user extensions: 1
[2019-06-07 02:08:42.128] [sharedprocess] [info] Scanned user extensions: 1
[2019-06-07 02:13:42.142] [sharedprocess] [info] Scanned user extensions: 1
[2019-06-07 02:18:42.234] [sharedprocess] [info] Scanned user extensions: 1
[2019-06-07 02:23:42.247] [sharedprocess] [info] Scanned user extensions: 1
[2019-06-07 02:28:42.263] [sharedprocess] [info] Scanned user extensions: 1
[2019-06-07 02:33:42.279] [sharedprocess] [info] Scanned user extensions: 1
[2019-06-07 02:38:42.292] [sharedprocess] [info] Scanned user extensions: 1
[2019-06-07 02:43:42.305] [sharedprocess] [info] Scanned user extensions: 1
[2019-06-07 02:48:42.319] [sharedprocess] [info] Scanned user extensions: 1
[2019-06-07 02:53:42.333] [sharedprocess] [info] Scanned user extensions: 1
[2019-06-07 02:58:42.347] [sharedprocess] [info] Scanned user extensions: 1
[2019-06-07 03:03:42.362] [sharedprocess] [info] Scanned user extensions: 1
[2019-06-07 03:08:42.376] [sharedprocess] [info] Scanned user extensions: 1
[2019-06-07 03:13:42.390] [sharedprocess] [info] Scanned user extensions: 1
[2019-06-07 03:18:42.482] [sharedprocess] [info] Scanned user extensions: 1
[2019-06-07 03:23:42.497] [sharedprocess] [info] Scanned user extensions: 1
[2019-06-07 03:28:42.511] [sharedprocess] [info] Scanned user extensions: 1
[2019-06-07 03:33:42.526] [sharedprocess] [info] Scanned user extensions: 1
[2019-06-07 03:38:42.540] [sharedprocess] [info] Scanned user extensions: 1
[2019-06-07 03:43:42.553] [sharedprocess] [info] Scanned user extensions: 1
[2019-06-07 03:48:42.567] [sharedprocess] [info] Scanned user extensions: 1
[2019-06-07 03:53:42.582] [sharedprocess] [info] Scanned user extensions: 1
[2019-06-07 03:58:42.598] [sharedprocess] [info] Scanned user extensions: 1
[2019-06-07 04:03:42.613] [sharedprocess] [info] Scanned user extensions: 1
[2019-06-07 04:08:42.627] [sharedprocess] [info] Scanned user extensions: 1
[2019-06-07 04:13:42.641] [sharedprocess] [info] Scanned user extensions: 1
[2019-06-07 04:18:42.719] [sharedprocess] [info] Scanned user extensions: 1
[2019-06-07 04:23:42.733] [sharedprocess] [info] Scanned user extensions: 1
[2019-06-07 04:28:42.747] [sharedprocess] [info] Scanned user extensions: 1
[2019-06-07 04:33:42.761] [sharedprocess] [info] Scanned user extensions: 1
[2019-06-07 04:38:42.775] [sharedprocess] [info] Scanned user extensions: 1
[2019-06-07 04:43:42.789] [sharedprocess] [info] Scanned user extensions: 1
[2019-06-07 04:48:42.804] [sharedprocess] [info] Scanned user extensions: 1
[2019-06-07 04:53:42.817] [sharedprocess] [info] Scanned user extensions: 1
[2019-06-07 04:58:42.831] [sharedprocess] [info] Scanned user extensions: 1
[2019-06-07 05:03:42.844] [sharedprocess] [info] Scanned user extensions: 1
[2019-06-07 05:08:42.858] [sharedprocess] [info] Scanned user extensions: 1
[2019-06-07 05:13:42.871] [sharedprocess] [info] Scanned user extensions: 1
[2019-06-07 05:18:42.951] [sharedprocess] [info] Scanned user extensions: 1
[2019-06-07 05:23:42.964] [sharedprocess] [info] Scanned user extensions: 1
[2019-06-07 05:28:42.978] [sharedprocess] [info] Scanned user extensions: 1
[2019-06-07 05:33:42.991] [sharedprocess] [info] Scanned user extensions: 1
[2019-06-07 05:38:43.004] [sharedprocess] [info] Scanned user extensions: 1
[2019-06-07 05:43:43.018] [sharedprocess] [info] Scanned user extensions: 1
[2019-06-07 05:48:43.033] [sharedprocess] [info] Scanned user extensions: 1
[2019-06-07 05:53:43.047] [sharedprocess] [info] Scanned user extensions: 1
[2019-06-07 05:58:43.062] [sharedprocess] [info] Scanned user extensions: 1
[2019-06-07 06:03:43.076] [sharedprocess] [info] Scanned user extensions: 1
[2019-06-07 06:08:43.089] [sharedprocess] [info] Scanned user extensions: 1
[2019-06-07 06:13:43.102] [sharedprocess] [info] Scanned user extensions: 1
[2019-06-07 06:18:43.187] [sharedprocess] [info] Scanned user extensions: 1
[2019-06-07 06:23:43.201] [sharedprocess] [info] Scanned user extensions: 1
[2019-06-07 06:28:43.214] [sharedprocess] [info] Scanned user extensions: 1
[2019-06-07 06:33:43.228] [sharedprocess] [info] Scanned user extensions: 1
[2019-06-07 06:38:43.242] [sharedprocess] [info] Scanned user extensions: 1
[2019-06-07 06:43:43.257] [sharedprocess] [info] Scanned user extensions: 1
[2019-06-07 06:48:43.270] [sharedprocess] [info] Scanned user extensions: 1
[2019-06-07 06:53:43.287] [sharedprocess] [info] Scanned user extensions: 1
[2019-06-07 06:58:43.299] [sharedprocess] [info] Scanned user extensions: 1
[2019-06-07 07:03:43.313] [sharedprocess] [info] Scanned user extensions: 1
[2019-06-07 07:08:43.326] [sharedprocess] [info] Scanned user extensions: 1
[2019-06-07 07:13:42.434] [sharedprocess] [info] Installing extension: ms-python.python
[2019-06-07 07:13:42.442] [sharedprocess] [info] Scanned user extensions: 1
[2019-06-07 07:13:43.340] [sharedprocess] [info] Scanned user extensions: 1
[2019-06-07 07:13:53.470] [sharedprocess] [info] Downloaded extension: ms-python.python /tmp/3cafd2e0-2dd4-4d91-b929-11d8557a7ef3
[2019-06-07 07:13:54.377] [sharedprocess] [info] Extracted extension to /home/roope/.vscode/extensions/.ms-python.python-2019.5.18875: ms-python.python
[2019-06-07 07:13:54.377] [sharedprocess] [info] Renamed to /home/roope/.vscode/extensions/ms-python.python-2019.5.18875
[2019-06-07 07:13:54.380] [sharedprocess] [info] Installation completed. ms-python.python
[2019-06-07 07:13:54.392] [sharedprocess] [info] Extensions installed successfully: ms-python.python
[2019-06-07 07:18:43.424] [sharedprocess] [info] Scanned user extensions: 1
[2019-06-07 07:23:43.440] [sharedprocess] [info] Scanned user extensions: 1
[2019-06-07 07:28:43.461] [sharedprocess] [info] Scanned user extensions: 1
[2019-06-07 07:33:43.476] [sharedprocess] [info] Scanned user extensions: 1
[2019-06-07 07:38:43.492] [sharedprocess] [info] Scanned user extensions: 1
[2019-06-07 07:43:43.507] [sharedprocess] [info] Scanned user extensions: 1
[2019-06-07 07:48:43.522] [sharedprocess] [info] Scanned user extensions: 1
[2019-06-07 07:53:43.538] [sharedprocess] [info] Scanned user extensions: 1
[2019-06-07 07:58:43.552] [sharedprocess] [info] Scanned user extensions: 1
[2019-06-07 08:03:43.567] [sharedprocess] [info] Scanned user extensions: 1
[2019-06-07 08:08:43.583] [sharedprocess] [info] Scanned user extensions: 1
[2019-06-07 08:13:43.597] [sharedprocess] [info] Scanned user extensions: 1
[2019-06-07 08:18:43.683] [sharedprocess] [info] Scanned user extensions: 1
[2019-06-07 08:23:43.699] [sharedprocess] [info] Scanned user extensions: 1
[2019-06-07 08:28:43.714] [sharedprocess] [info] Scanned user extensions: 1
[2019-06-07 08:33:43.730] [sharedprocess] [info] Scanned user extensions: 1
[2019-06-07 08:38:43.747] [sharedprocess] [info] Scanned user extensions: 1
[2019-06-07 08:43:43.763] [sharedprocess] [info] Scanned user extensions: 1
[2019-06-07 08:48:43.779] [sharedprocess] [info] Scanned user extensions: 1
[2019-06-07 08:53:43.795] [sharedprocess] [info] Scanned user extensions: 1
[2019-06-07 08:58:43.811] [sharedprocess] [info] Scanned user extensions: 1
[2019-06-07 09:03:43.825] [sharedprocess] [info] Scanned user extensions: 1
[2019-06-07 09:08:43.838] [sharedprocess] [info] Scanned user extensions: 1
[2019-06-07 09:13:43.855] [sharedprocess] [info] Scanned user extensions: 1
[2019-06-07 09:18:43.941] [sharedprocess] [info] Scanned user extensions: 1
[2019-06-07 09:23:43.956] [sharedprocess] [info] Scanned user extensions: 1
[2019-06-07 09:28:43.970] [sharedprocess] [info] Scanned user extensions: 1
[2019-06-07 09:33:43.987] [sharedprocess] [info] Scanned user extensions: 1
[2019-06-07 09:38:44.002] [sharedprocess] [info] Scanned user extensions: 1
[2019-06-07 09:43:44.017] [sharedprocess] [info] Scanned user extensions: 1
[2019-06-07 09:48:44.032] [sharedprocess] [info] Scanned user extensions: 1
[2019-06-07 09:53:44.047] [sharedprocess] [info] Scanned user extensions: 1
[2019-06-07 09:58:44.066] [sharedprocess] [info] Scanned user extensions: 1
[2019-06-07 10:03:44.082] [sharedprocess] [info] Scanned user extensions: 1
[2019-06-07 10:08:44.097] [sharedprocess] [info] Scanned user extensions: 1
[2019-06-07 10:13:44.112] [sharedprocess] [info] Scanned user extensions: 1
[2019-06-07 10:18:44.193] [sharedprocess] [info] Scanned user extensions: 1
[2019-06-07 10:23:44.212] [sharedprocess] [info] Scanned user extensions: 1
[2019-06-07 10:28:44.227] [sharedprocess] [info] Scanned user extensions: 1
[2019-06-07 10:33:44.242] [sharedprocess] [info] Scanned user extensions: 1
[2019-06-07 10:38:44.257] [sharedprocess] [info] Scanned user extensions: 1
[2019-06-07 10:43:44.273] [sharedprocess] [info] Scanned user extensions: 1
[2019-06-07 10:48:44.289] [sharedprocess] [info] Scanned user extensions: 1
[2019-06-07 10:53:44.301] [sharedprocess] [info] Scanned user extensions: 1
[2019-06-07 10:58:44.317] [sharedprocess] [info] Scanned user extensions: 1
[2019-06-07 11:03:44.332] [sharedprocess] [info] Scanned user extensions: 1
[2019-06-07 11:08:44.347] [sharedprocess] [info] Scanned user extensions: 1
[2019-06-07 11:13:44.364] [sharedprocess] [info] Scanned user extensions: 1
[2019-06-07 11:18:45.420] [sharedprocess] [info] Scanned user extensions: 1
[2019-06-07 11:23:45.435] [sharedprocess] [info] Scanned user extensions: 1
[2019-06-07 11:28:45.452] [sharedprocess] [info] Scanned user extensions: 1
[2019-06-07 11:33:45.467] [sharedprocess] [info] Scanned user extensions: 1
[2019-06-07 11:38:45.483] [sharedprocess] [info] Scanned user extensions: 1
[2019-06-07 11:43:45.499] [sharedprocess] [info] Scanned user extensions: 1
[2019-06-07 11:48:45.515] [sharedprocess] [info] Scanned user extensions: 1
[2019-06-07 11:53:45.531] [sharedprocess] [info] Scanned user extensions: 1
[2019-06-07 11:58:45.547] [sharedprocess] [info] Scanned user extensions: 1
[2019-06-07 12:03:45.563] [sharedprocess] [info] Scanned user extensions: 1
[2019-06-07 12:08:45.578] [sharedprocess] [info] Scanned user extensions: 1
[2019-06-07 12:13:45.595] [sharedprocess] [info] Scanned user extensions: 1
[2019-06-07 12:18:45.726] [sharedprocess] [info] Scanned user extensions: 1
[2019-06-07 12:23:45.742] [sharedprocess] [info] Scanned user extensions: 1
[2019-06-07 12:28:45.758] [sharedprocess] [info] Scanned user extensions: 1
[2019-06-07 12:33:45.774] [sharedprocess] [info] Scanned user extensions: 1
[2019-06-07 12:38:45.789] [sharedprocess] [info] Scanned user extensions: 1
[2019-06-07 12:43:45.803] [sharedprocess] [info] Scanned user extensions: 1
[2019-06-07 12:48:45.818] [sharedprocess] [info] Scanned user extensions: 1
[2019-06-07 12:53:45.834] [sharedprocess] [info] Scanned user extensions: 1
[2019-06-07 12:58:45.852] [sharedprocess] [info] Scanned user extensions: 1
[2019-06-07 13:03:45.867] [sharedprocess] [info] Scanned user extensions: 1
[2019-06-07 13:08:45.881] [sharedprocess] [info] Scanned user extensions: 1
[2019-06-07 13:13:45.895] [sharedprocess] [info] Scanned user extensions: 1
[2019-06-07 13:18:46.011] [sharedprocess] [info] Scanned user extensions: 1
[2019-06-07 13:23:46.026] [sharedprocess] [info] Scanned user extensions: 1
[2019-06-07 13:28:46.042] [sharedprocess] [info] Scanned user extensions: 1
[2019-06-07 13:33:46.057] [sharedprocess] [info] Scanned user extensions: 1
[2019-06-07 13:38:46.072] [sharedprocess] [info] Scanned user extensions: 1
[2019-06-07 13:43:46.087] [sharedprocess] [info] Scanned user extensions: 1
[2019-06-07 13:48:46.101] [sharedprocess] [info] Scanned user extensions: 1
[2019-06-07 13:53:46.116] [sharedprocess] [info] Scanned user extensions: 1
[2019-06-07 13:58:46.131] [sharedprocess] [info] Scanned user extensions: 1
[2019-06-07 14:03:46.147] [sharedprocess] [info] Scanned user extensions: 1
[2019-06-07 14:08:46.164] [sharedprocess] [info] Scanned user extensions: 1
[2019-06-07 14:13:46.179] [sharedprocess] [info] Scanned user extensions: 1
[2019-06-07 14:18:46.261] [sharedprocess] [info] Scanned user extensions: 1
[2019-06-07 14:23:46.276] [sharedprocess] [info] Scanned user extensions: 1
[2019-06-07 14:28:46.291] [sharedprocess] [info] Scanned user extensions: 1
[2019-06-07 14:33:46.307] [sharedprocess] [info] Scanned user extensions: 1
[2019-06-07 14:38:46.324] [sharedprocess] [info] Scanned user extensions: 1
[2019-06-07 14:43:46.339] [sharedprocess] [info] Scanned user extensions: 1
[2019-06-07 14:48:46.355] [sharedprocess] [info] Scanned user extensions: 1
[2019-06-07 14:53:46.371] [sharedprocess] [info] Scanned user extensions: 1
[2019-06-07 14:58:46.385] [sharedprocess] [info] Scanned user extensions: 1
[2019-06-07 15:03:46.401] [sharedprocess] [info] Scanned user extensions: 1
[2019-06-07 15:08:46.417] [sharedprocess] [info] Scanned user extensions: 1
[2019-06-07 15:13:46.432] [sharedprocess] [info] Scanned user extensions: 1
[2019-06-07 15:18:46.515] [sharedprocess] [info] Scanned user extensions: 1
[2019-06-07 15:23:46.531] [sharedprocess] [info] Scanned user extensions: 1
[2019-06-07 15:28:46.546] [sharedprocess] [info] Scanned user extensions: 1
[2019-06-07 15:33:46.563] [sharedprocess] [info] Scanned user extensions: 1
[2019-06-07 15:38:46.577] [sharedprocess] [info] Scanned user extensions: 1
[2019-06-07 15:43:46.593] [sharedprocess] [info] Scanned user extensions: 1
[2019-06-07 15:48:46.608] [sharedprocess] [info] Scanned user extensions: 1
[2019-06-07 15:53:46.623] [sharedprocess] [info] Scanned user extensions: 1
[2019-06-07 15:58:46.637] [sharedprocess] [info] Scanned user extensions: 1
[2019-06-07 16:03:46.652] [sharedprocess] [info] Scanned user extensions: 1
[2019-06-07 16:08:46.668] [sharedprocess] [info] Scanned user extensions: 1
[2019-06-07 16:13:46.682] [sharedprocess] [info] Scanned user extensions: 1
[2019-06-07 16:18:46.762] [sharedprocess] [info] Scanned user extensions: 1
[2019-06-07 16:23:46.777] [sharedprocess] [info] Scanned user extensions: 1
[2019-06-07 16:28:46.793] [sharedprocess] [info] Scanned user extensions: 1
[2019-06-07 16:33:46.808] [sharedprocess] [info] Scanned user extensions: 1
[2019-06-07 16:38:46.825] [sharedprocess] [info] Scanned user extensions: 1
[2019-06-07 16:43:46.836] [sharedprocess] [info] Scanned user extensions: 1
[2019-06-07 16:48:46.851] [sharedprocess] [info] Scanned user extensions: 1
[2019-06-07 16:53:46.868] [sharedprocess] [info] Scanned user extensions: 1
[2019-06-07 16:58:46.880] [sharedprocess] [info] Scanned user extensions: 1
[2019-06-07 17:03:46.896] [sharedprocess] [info] Scanned user extensions: 1
[2019-06-07 17:08:46.910] [sharedprocess] [info] Scanned user extensions: 1
[2019-06-07 17:13:46.925] [sharedprocess] [info] Scanned user extensions: 1
[2019-06-07 17:18:47.006] [sharedprocess] [info] Scanned user extensions: 1
[2019-06-07 17:23:47.019] [sharedprocess] [info] Scanned user extensions: 1
[2019-06-07 17:28:47.036] [sharedprocess] [info] Scanned user extensions: 1
[2019-06-07 17:33:47.050] [sharedprocess] [info] Scanned user extensions: 1
[2019-06-07 17:38:47.067] [sharedprocess] [info] Scanned user extensions: 1
[2019-06-07 17:43:47.078] [sharedprocess] [info] Scanned user extensions: 1
[2019-06-07 17:48:47.094] [sharedprocess] [info] Scanned user extensions: 1
[2019-06-07 17:53:47.110] [sharedprocess] [info] Scanned user extensions: 1
[2019-06-07 17:58:47.127] [sharedprocess] [info] Scanned user extensions: 1
[2019-06-07 18:03:47.143] [sharedprocess] [info] Scanned user extensions: 1
[2019-06-07 18:08:47.158] [sharedprocess] [info] Scanned user extensions: 1
[2019-06-07 18:13:47.175] [sharedprocess] [info] Scanned user extensions: 1
[2019-06-07 18:18:47.257] [sharedprocess] [info] Scanned user extensions: 1
[2019-06-07 18:23:47.272] [sharedprocess] [info] Scanned user extensions: 1
[2019-06-07 18:28:47.285] [sharedprocess] [info] Scanned user extensions: 1
[2019-06-07 18:33:47.300] [sharedprocess] [info] Scanned user extensions: 1
[2019-06-07 18:38:47.316] [sharedprocess] [info] Scanned user extensions: 1
[2019-06-07 18:43:47.331] [sharedprocess] [info] Scanned user extensions: 1
[2019-06-07 18:48:47.347] [sharedprocess] [info] Scanned user extensions: 1
[2019-06-07 18:53:47.364] [sharedprocess] [info] Scanned user extensions: 1
[2019-06-07 18:58:47.379] [sharedprocess] [info] Scanned user extensions: 1
[2019-06-07 19:03:47.394] [sharedprocess] [info] Scanned user extensions: 1
[2019-06-07 19:08:47.408] [sharedprocess] [info] Scanned user extensions: 1
[2019-06-07 19:13:47.422] [sharedprocess] [info] Scanned user extensions: 1
[2019-06-07 19:18:47.505] [sharedprocess] [info] Scanned user extensions: 1
[2019-06-07 19:23:47.520] [sharedprocess] [info] Scanned user extensions: 1
[2019-06-07 19:28:47.535] [sharedprocess] [info] Scanned user extensions: 1
[2019-06-07 19:33:47.551] [sharedprocess] [info] Scanned user extensions: 1
[2019-06-07 19:38:47.567] [sharedprocess] [info] Scanned user extensions: 1
[2019-06-07 19:43:47.583] [sharedprocess] [info] Scanned user extensions: 1
[2019-06-07 19:48:47.596] [sharedprocess] [info] Scanned user extensions: 1
[2019-06-07 19:53:47.610] [sharedprocess] [info] Scanned user extensions: 1
[2019-06-07 19:58:47.627] [sharedprocess] [info] Scanned user extensions: 1
[2019-06-07 20:03:47.643] [sharedprocess] [info] Scanned user extensions: 1
[2019-06-07 20:08:47.658] [sharedprocess] [info] Scanned user extensions: 1
[2019-06-07 20:13:47.675] [sharedprocess] [info] Scanned user extensions: 1
[2019-06-07 20:18:47.756] [sharedprocess] [info] Scanned user extensions: 1
[2019-06-07 20:23:47.772] [sharedprocess] [info] Scanned user extensions: 1
[2019-06-07 20:28:47.787] [sharedprocess] [info] Scanned user extensions: 1
[2019-06-07 20:33:47.804] [sharedprocess] [info] Scanned user extensions: 1
[2019-06-07 20:38:47.820] [sharedprocess] [info] Scanned user extensions: 1
[2019-06-07 20:43:47.835] [sharedprocess] [info] Scanned user extensions: 1
[2019-06-07 20:48:47.850] [sharedprocess] [info] Scanned user extensions: 1
[2019-06-07 20:53:47.866] [sharedprocess] [info] Scanned user extensions: 1
[2019-06-07 20:58:47.883] [sharedprocess] [info] Scanned user extensions: 1
[2019-06-07 21:03:47.898] [sharedprocess] [info] Scanned user extensions: 1
[2019-06-07 21:08:47.908] [sharedprocess] [info] Scanned user extensions: 1
[2019-06-07 21:13:47.923] [sharedprocess] [info] Scanned user extensions: 1
[2019-06-07 21:18:48.005] [sharedprocess] [info] Scanned user extensions: 1
[2019-06-07 21:23:48.021] [sharedprocess] [info] Scanned user extensions: 1
[2019-06-07 21:28:48.036] [sharedprocess] [info] Scanned user extensions: 1
[2019-06-07 21:33:48.053] [sharedprocess] [info] Scanned user extensions: 1
[2019-06-07 21:38:48.067] [sharedprocess] [info] Scanned user extensions: 1
[2019-06-07 21:43:48.083] [sharedprocess] [info] Scanned user extensions: 1
[2019-06-07 21:48:48.096] [sharedprocess] [info] Scanned user extensions: 1
[2019-06-07 21:53:48.112] [sharedprocess] [info] Scanned user extensions: 1
[2019-06-07 21:58:48.128] [sharedprocess] [info] Scanned user extensions: 1
[2019-06-07 22:03:48.143] [sharedprocess] [info] Scanned user extensions: 1
[2019-06-07 22:08:48.159] [sharedprocess] [info] Scanned user extensions: 1
[2019-06-07 22:13:48.175] [sharedprocess] [info] Scanned user extensions: 1
[2019-06-07 22:18:48.251] [sharedprocess] [info] Scanned user extensions: 1
[2019-06-07 22:23:48.267] [sharedprocess] [info] Scanned user extensions: 1
[2019-06-07 22:28:48.281] [sharedprocess] [info] Scanned user extensions: 1
[2019-06-07 22:33:48.295] [sharedprocess] [info] Scanned user extensions: 1
[2019-06-07 22:38:48.311] [sharedprocess] [info] Scanned user extensions: 1
[2019-06-07 22:43:48.326] [sharedprocess] [info] Scanned user extensions: 1
[2019-06-07 22:48:48.336] [sharedprocess] [info] Scanned user extensions: 1
[2019-06-07 22:53:48.351] [sharedprocess] [info] Scanned user extensions: 1
[2019-06-07 22:58:48.366] [sharedprocess] [info] Scanned user extensions: 1
[2019-06-07 23:03:48.381] [sharedprocess] [info] Scanned user extensions: 1
[2019-06-07 23:08:48.398] [sharedprocess] [info] Scanned user extensions: 1
[2019-06-07 23:13:48.413] [sharedprocess] [info] Scanned user extensions: 1
[2019-06-07 23:18:48.505] [sharedprocess] [info] Scanned user extensions: 1
[2019-06-07 23:23:48.521] [sharedprocess] [info] Scanned user extensions: 1
[2019-06-07 23:28:48.535] [sharedprocess] [info] Scanned user extensions: 1
[2019-06-07 23:33:48.551] [sharedprocess] [info] Scanned user extensions: 1
[2019-06-07 23:38:48.567] [sharedprocess] [info] Scanned user extensions: 1
[2019-06-07 23:43:48.583] [sharedprocess] [info] Scanned user extensions: 1
[2019-06-07 23:48:48.599] [sharedprocess] [info] Scanned user extensions: 1
[2019-06-07 23:53:48.614] [sharedprocess] [info] Scanned user extensions: 1
[2019-06-07 23:58:48.630] [sharedprocess] [info] Scanned user extensions: 1
[2019-06-08 00:03:48.645] [sharedprocess] [info] Scanned user extensions: 1
[2019-06-08 00:08:48.661] [sharedprocess] [info] Scanned user extensions: 1
[2019-06-08 00:13:48.678] [sharedprocess] [info] Scanned user extensions: 1
[2019-06-08 00:18:48.758] [sharedprocess] [info] Scanned user extensions: 1
[2019-06-08 00:23:48.774] [sharedprocess] [info] Scanned user extensions: 1
[2019-06-08 00:28:48.790] [sharedprocess] [info] Scanned user extensions: 1
[2019-06-08 00:33:48.806] [sharedprocess] [info] Scanned user extensions: 1
[2019-06-08 00:38:48.825] [sharedprocess] [info] Scanned user extensions: 1
[2019-06-08 00:43:48.841] [sharedprocess] [info] Scanned user extensions: 1
[2019-06-08 00:48:48.853] [sharedprocess] [info] Scanned user extensions: 1
[2019-06-08 00:53:48.869] [sharedprocess] [info] Scanned user extensions: 1
[2019-06-08 00:58:48.885] [sharedprocess] [info] Scanned user extensions: 1
[2019-06-08 01:03:48.901] [sharedprocess] [info] Scanned user extensions: 1
[2019-06-08 01:08:48.916] [sharedprocess] [info] Scanned user extensions: 1
[2019-06-08 01:13:48.931] [sharedprocess] [info] Scanned user extensions: 1
[2019-06-08 01:18:49.013] [sharedprocess] [info] Scanned user extensions: 1
[2019-06-08 01:23:49.030] [sharedprocess] [info] Scanned user extensions: 1
[2019-06-08 01:28:49.044] [sharedprocess] [info] Scanned user extensions: 1
[2019-06-08 01:33:49.059] [sharedprocess] [info] Scanned user extensions: 1
[2019-06-08 01:38:49.076] [sharedprocess] [info] Scanned user extensions: 1
[2019-06-08 01:43:49.086] [sharedprocess] [info] Scanned user extensions: 1
[2019-06-08 01:48:49.102] [sharedprocess] [info] Scanned user extensions: 1
[2019-06-08 01:53:49.116] [sharedprocess] [info] Scanned user extensions: 1
[2019-06-08 01:58:49.131] [sharedprocess] [info] Scanned user extensions: 1
[2019-06-08 02:03:49.146] [sharedprocess] [info] Scanned user extensions: 1
[2019-06-08 02:08:49.160] [sharedprocess] [info] Scanned user extensions: 1
[2019-06-08 02:13:49.175] [sharedprocess] [info] Scanned user extensions: 1
[2019-06-08 02:18:49.325] [sharedprocess] [info] Scanned user extensions: 1
[2019-06-08 02:23:49.340] [sharedprocess] [info] Scanned user extensions: 1
[2019-06-08 02:28:49.355] [sharedprocess] [info] Scanned user extensions: 1
[2019-06-08 02:33:49.371] [sharedprocess] [info] Scanned user extensions: 1
[2019-06-08 02:38:49.387] [sharedprocess] [info] Scanned user extensions: 1
[2019-06-08 02:43:49.403] [sharedprocess] [info] Scanned user extensions: 1
[2019-06-08 02:48:49.418] [sharedprocess] [info] Scanned user extensions: 1
[2019-06-08 02:53:49.435] [sharedprocess] [info] Scanned user extensions: 1
[2019-06-08 02:58:49.450] [sharedprocess] [info] Scanned user extensions: 1
[2019-06-08 03:03:49.464] [sharedprocess] [info] Scanned user extensions: 1
[2019-06-08 03:08:49.480] [sharedprocess] [info] Scanned user extensions: 1
[2019-06-08 03:13:49.495] [sharedprocess] [info] Scanned user extensions: 1
[2019-06-08 03:18:49.575] [sharedprocess] [info] Scanned user extensions: 1
[2019-06-08 03:23:49.592] [sharedprocess] [info] Scanned user extensions: 1
[2019-06-08 03:28:49.607] [sharedprocess] [info] Scanned user extensions: 1
[2019-06-08 03:33:49.622] [sharedprocess] [info] Scanned user extensions: 1
[2019-06-08 03:38:49.637] [sharedprocess] [info] Scanned user extensions: 1
[2019-06-08 03:43:49.651] [sharedprocess] [info] Scanned user extensions: 1
[2019-06-08 03:48:49.667] [sharedprocess] [info] Scanned user extensions: 1
[2019-06-08 03:53:49.682] [sharedprocess] [info] Scanned user extensions: 1
[2019-06-08 03:58:49.697] [sharedprocess] [info] Scanned user extensions: 1
[2019-06-08 04:03:49.711] [sharedprocess] [info] Scanned user extensions: 1
[2019-06-08 04:08:49.725] [sharedprocess] [info] Scanned user extensions: 1
[2019-06-08 04:13:49.741] [sharedprocess] [info] Scanned user extensions: 1
[2019-06-08 04:18:49.829] [sharedprocess] [info] Scanned user extensions: 1
[2019-06-08 04:23:49.844] [sharedprocess] [info] Scanned user extensions: 1
[2019-06-08 04:28:49.859] [sharedprocess] [info] Scanned user extensions: 1
[2019-06-08 04:33:49.876] [sharedprocess] [info] Scanned user extensions: 1
[2019-06-08 04:38:49.891] [sharedprocess] [info] Scanned user extensions: 1
[2019-06-08 04:43:49.907] [sharedprocess] [info] Scanned user extensions: 1
[2019-06-08 04:48:49.920] [sharedprocess] [info] Scanned user extensions: 1
[2019-06-08 04:53:49.934] [sharedprocess] [info] Scanned user extensions: 1
[2019-06-08 04:58:49.948] [sharedprocess] [info] Scanned user extensions: 1
[2019-06-08 05:03:49.963] [sharedprocess] [info] Scanned user extensions: 1
[2019-06-08 05:08:49.978] [sharedprocess] [info] Scanned user extensions: 1
[2019-06-08 05:13:49.992] [sharedprocess] [info] Scanned user extensions: 1
[2019-06-08 05:18:50.072] [sharedprocess] [info] Scanned user extensions: 1
[2019-06-08 05:23:50.088] [sharedprocess] [info] Scanned user extensions: 1
[2019-06-08 05:28:50.103] [sharedprocess] [info] Scanned user extensions: 1
[2019-06-08 05:33:50.118] [sharedprocess] [info] Scanned user extensions: 1
[2019-06-08 05:38:50.135] [sharedprocess] [info] Scanned user extensions: 1
[2019-06-08 05:43:50.149] [sharedprocess] [info] Scanned user extensions: 1
[2019-06-08 05:48:50.164] [sharedprocess] [info] Scanned user extensions: 1
[2019-06-08 05:53:50.179] [sharedprocess] [info] Scanned user extensions: 1
[2019-06-08 05:58:50.195] [sharedprocess] [info] Scanned user extensions: 1
[2019-06-08 06:03:50.211] [sharedprocess] [info] Scanned user extensions: 1
[2019-06-08 06:08:50.226] [sharedprocess] [info] Scanned user extensions: 1
[2019-06-08 06:13:50.243] [sharedprocess] [info] Scanned user extensions: 1
[2019-06-08 06:18:50.321] [sharedprocess] [info] Scanned user extensions: 1
[2019-06-08 06:23:50.337] [sharedprocess] [info] Scanned user extensions: 1
[2019-06-08 06:28:50.353] [sharedprocess] [info] Scanned user extensions: 1
[2019-06-08 06:33:50.370] [sharedprocess] [info] Scanned user extensions: 1
[2019-06-08 06:38:50.387] [sharedprocess] [info] Scanned user extensions: 1
[2019-06-08 06:43:50.401] [sharedprocess] [info] Scanned user extensions: 1
[2019-06-08 06:48:50.417] [sharedprocess] [info] Scanned user extensions: 1
[2019-06-08 06:53:50.428] [sharedprocess] [info] Scanned user extensions: 1
[2019-06-08 06:58:50.441] [sharedprocess] [info] Scanned user extensions: 1
[2019-06-08 07:03:50.453] [sharedprocess] [info] Scanned user extensions: 1
[2019-06-08 07:08:50.468] [sharedprocess] [info] Scanned user extensions: 1
[2019-06-08 07:13:50.484] [sharedprocess] [info] Scanned user extensions: 1
[2019-06-08 07:18:50.567] [sharedprocess] [info] Scanned user extensions: 1
[2019-06-08 07:23:50.581] [sharedprocess] [info] Scanned user extensions: 1
[2019-06-08 07:28:50.598] [sharedprocess] [info] Scanned user extensions: 1
[2019-06-08 07:33:50.614] [sharedprocess] [info] Scanned user extensions: 1
[2019-06-08 07:38:50.630] [sharedprocess] [info] Scanned user extensions: 1
[2019-06-08 07:43:50.647] [sharedprocess] [info] Scanned user extensions: 1
[2019-06-08 07:48:50.662] [sharedprocess] [info] Scanned user extensions: 1
[2019-06-08 07:53:50.676] [sharedprocess] [info] Scanned user extensions: 1
[2019-06-08 07:58:50.691] [sharedprocess] [info] Scanned user extensions: 1
[2019-06-08 08:03:50.707] [sharedprocess] [info] Scanned user extensions: 1
[2019-06-08 08:08:50.724] [sharedprocess] [info] Scanned user extensions: 1
[2019-06-08 08:13:50.739] [sharedprocess] [info] Scanned user extensions: 1
[2019-06-08 08:18:50.830] [sharedprocess] [info] Scanned user extensions: 1
[2019-06-08 08:23:50.846] [sharedprocess] [info] Scanned user extensions: 1
[2019-06-08 08:28:50.862] [sharedprocess] [info] Scanned user extensions: 1
[2019-06-08 08:33:50.876] [sharedprocess] [info] Scanned user extensions: 1
[2019-06-08 08:38:50.891] [sharedprocess] [info] Scanned user extensions: 1
[2019-06-08 08:43:50.907] [sharedprocess] [info] Scanned user extensions: 1
[2019-06-08 08:48:50.923] [sharedprocess] [info] Scanned user extensions: 1
[2019-06-08 08:53:50.940] [sharedprocess] [info] Scanned user extensions: 1
[2019-06-08 08:58:50.955] [sharedprocess] [info] Scanned user extensions: 1
[2019-06-08 09:03:50.970] [sharedprocess] [info] Scanned user extensions: 1
[2019-06-08 09:08:50.986] [sharedprocess] [info] Scanned user extensions: 1
[2019-06-08 09:13:51.002] [sharedprocess] [info] Scanned user extensions: 1
[2019-06-08 09:18:51.103] [sharedprocess] [info] Scanned user extensions: 1
[2019-06-08 09:23:51.119] [sharedprocess] [info] Scanned user extensions: 1
[2019-06-08 09:28:51.136] [sharedprocess] [info] Scanned user extensions: 1
[2019-06-08 09:33:51.149] [sharedprocess] [info] Scanned user extensions: 1
[2019-06-08 09:38:51.168] [sharedprocess] [info] Scanned user extensions: 1
[2019-06-08 09:43:51.184] [sharedprocess] [info] Scanned user extensions: 1
[2019-06-08 09:48:51.201] [sharedprocess] [info] Scanned user extensions: 1
[2019-06-08 09:53:51.216] [sharedprocess] [info] Scanned user extensions: 1
[2019-06-08 09:58:51.231] [sharedprocess] [info] Scanned user extensions: 1
[2019-06-08 10:03:51.247] [sharedprocess] [info] Scanned user extensions: 1
[2019-06-08 10:08:51.260] [sharedprocess] [info] Scanned user extensions: 1
[2019-06-08 10:13:51.275] [sharedprocess] [info] Scanned user extensions: 1
[2019-06-08 10:18:51.351] [sharedprocess] [info] Scanned user extensions: 1
[2019-06-08 10:23:51.367] [sharedprocess] [info] Scanned user extensions: 1
[2019-06-08 10:28:51.383] [sharedprocess] [info] Scanned user extensions: 1
[2019-06-08 10:33:51.399] [sharedprocess] [info] Scanned user extensions: 1
[2019-06-08 10:38:51.415] [sharedprocess] [info] Scanned user extensions: 1
[2019-06-08 10:43:51.431] [sharedprocess] [info] Scanned user extensions: 1
[2019-06-08 10:48:51.446] [sharedprocess] [info] Scanned user extensions: 1
[2019-06-08 10:53:51.460] [sharedprocess] [info] Scanned user extensions: 1
[2019-06-08 10:58:51.475] [sharedprocess] [info] Scanned user extensions: 1
[2019-06-08 11:03:51.491] [sharedprocess] [info] Scanned user extensions: 1
[2019-06-08 11:08:51.507] [sharedprocess] [info] Scanned user extensions: 1
[2019-06-08 11:13:51.524] [sharedprocess] [info] Scanned user extensions: 1
[2019-06-08 11:18:51.607] [sharedprocess] [info] Scanned user extensions: 1
[2019-06-08 11:23:51.623] [sharedprocess] [info] Scanned user extensions: 1
[2019-06-08 11:28:51.642] [sharedprocess] [info] Scanned user extensions: 1
[2019-06-08 11:33:51.657] [sharedprocess] [info] Scanned user extensions: 1
[2019-06-08 11:38:51.670] [sharedprocess] [info] Scanned user extensions: 1
[2019-06-08 11:43:51.687] [sharedprocess] [info] Scanned user extensions: 1
[2019-06-08 11:48:51.704] [sharedprocess] [info] Scanned user extensions: 1
[2019-06-08 11:53:51.717] [sharedprocess] [info] Scanned user extensions: 1
[2019-06-08 11:58:51.731] [sharedprocess] [info] Scanned user extensions: 1
[2019-06-08 12:03:51.747] [sharedprocess] [info] Scanned user extensions: 1
[2019-06-08 12:08:51.762] [sharedprocess] [info] Scanned user extensions: 1
[2019-06-08 12:13:51.778] [sharedprocess] [info] Scanned user extensions: 1
[2019-06-08 12:18:51.874] [sharedprocess] [info] Scanned user extensions: 1
[2019-06-08 12:23:51.890] [sharedprocess] [info] Scanned user extensions: 1
[2019-06-08 12:28:51.906] [sharedprocess] [info] Scanned user extensions: 1
[2019-06-08 12:33:51.923] [sharedprocess] [info] Scanned user extensions: 1
[2019-06-08 12:38:51.938] [sharedprocess] [info] Scanned user extensions: 1
[2019-06-08 12:43:51.956] [sharedprocess] [info] Scanned user extensions: 1
