[2019-05-31 19:47:32.367] [sharedprocess] [info] main {"machineId":"26e7904650081980639fe5b87392a4c88799e486fcd37d4d8e00cd4c0570a0b8"}
[2019-05-31 19:47:32.464] [sharedprocess] [info] Scanned user extensions: 1
[2019-05-31 19:47:32.480] [sharedprocess] [info] Scanned user extensions: 1
[2019-05-31 19:47:32.496] [sharedprocess] [info] Scanned user extensions: 1
[2019-05-31 19:47:32.508] [sharedprocess] [info] Scanned system extensions: 72
[2019-05-31 19:47:32.517] [sharedprocess] [info] Scanned system extensions: 72
[2019-05-31 19:47:32.520] [sharedprocess] [info] Scanned system extensions: 72
[2019-05-31 19:47:32.526] [sharedprocess] [info] Deleted from disk ms-python.python /home/roope/.vscode/extensions/ms-python.python-2019.5.17059
[2019-05-31 19:47:32.651] [sharedprocess] [info] Scanned user extensions: 1
[2019-05-31 19:48:12.378] [sharedprocess] [info] Starting to clean up unused language packs.
[2019-05-31 19:48:14.790] [sharedprocess] [info] Scanned user extensions: 1
[2019-05-31 19:48:14.793] [sharedprocess] [info] Scanned user extensions: 1
[2019-05-31 19:48:14.823] [sharedprocess] [info] Scanned system extensions: 72
[2019-05-31 19:48:14.827] [sharedprocess] [info] Scanned system extensions: 72
[2019-05-31 19:48:17.144] [sharedprocess] [info] Scanned user extensions: 1
[2019-05-31 19:53:17.228] [sharedprocess] [info] Scanned user extensions: 1
[2019-05-31 19:58:17.241] [sharedprocess] [info] Scanned user extensions: 1
[2019-05-31 20:03:17.253] [sharedprocess] [info] Scanned user extensions: 1
[2019-05-31 20:08:17.266] [sharedprocess] [info] Scanned user extensions: 1
[2019-05-31 20:13:17.277] [sharedprocess] [info] Scanned user extensions: 1
[2019-05-31 20:18:17.289] [sharedprocess] [info] Scanned user extensions: 1
[2019-05-31 20:23:17.301] [sharedprocess] [info] Scanned user extensions: 1
[2019-05-31 20:28:17.315] [sharedprocess] [info] Scanned user extensions: 1
[2019-05-31 20:33:17.326] [sharedprocess] [info] Scanned user extensions: 1
[2019-05-31 20:38:17.339] [sharedprocess] [info] Scanned user extensions: 1
[2019-05-31 20:40:11.686] [sharedprocess] [info] Scanned user extensions: 1
[2019-05-31 20:40:11.690] [sharedprocess] [info] Scanned user extensions: 1
[2019-05-31 20:40:11.716] [sharedprocess] [info] Scanned system extensions: 72
[2019-05-31 20:40:11.721] [sharedprocess] [info] Scanned system extensions: 72
[2019-05-31 20:40:14.030] [sharedprocess] [info] Scanned user extensions: 1
[2019-05-31 20:45:14.044] [sharedprocess] [info] Scanned user extensions: 1
